<?xml version="1.0" encoding="UTF-8"?>
<!-- Generated by org.testng.reporters.JUnitReportReporter -->
<testsuite hostname="DESKTOP-2O8140U" failures="0" tests="1" name="tests.LogoutTest" time="21.214" errors="0" timestamp="2024-11-14T23:53:21 IST" skipped="0">
  <testcase classname="tests.LogoutTest" name="testLogout" time="21.214"/>
</testsuite> <!-- tests.LogoutTest -->
