<?xml version="1.0" encoding="UTF-8"?>
<!-- Generated by org.testng.reporters.JUnitReportReporter -->
<testsuite hostname="DESKTOP-2O8140U" failures="0" tests="1" name="tests.LoginTest" time="10.131" errors="0" timestamp="2024-11-14T23:53:22 IST" skipped="0">
  <testcase classname="tests.LoginTest" name="testLogin" time="10.131"/>
</testsuite> <!-- tests.LoginTest -->
