<?xml version="1.0" encoding="UTF-8"?>
<!-- Generated by org.testng.reporters.JUnitReportReporter -->
<testsuite hostname="DESKTOP-2O8140U" failures="0" tests="1" name="tests.EmployeeTest" time="19.985" errors="0" timestamp="2024-11-14T23:53:22 IST" skipped="0">
  <testcase classname="tests.EmployeeTest" name="testAddEmployee" time="19.985"/>
</testsuite> <!-- tests.EmployeeTest -->
